Build started 21/07/2011 5:28:23 PM.
     1>Project "C:\DyableCollection\DyableRequest\FindSimilarQuery\FindSimilarQuery.vcxproj" on node 2 (build target(s)).
     1>InitializeBuildStatus:
         Touching "Debug\FindSimilarQuery.unsuccessfulbuild".
       ClCompile:
         c:\Program Files (x86)\Microsoft Visual Studio 10.0\VC\bin\CL.exe /c /ZI /nologo /W3 /WX- /Od /Oy- /D WIN32 /D _DEBUG /D _CONSOLE /D _UNICODE /D UNICODE /Gm /EHsc /RTC1 /MDd /GS /fp:precise /Zc:wchar_t /Zc:forScope /Fo"Debug\\" /Fd"Debug\vc100.pdb" /Gd /TP /analyze- /errorReport:prompt FindSimilarQuery.cpp
         FindSimilarQuery.cpp
     1>c:\dyablecollection\datastructure.h(102): warning C4309: '=' : truncation of constant value
     1>c:\dyablecollection\datastructure.h(478): warning C4995: 'strcpy': name was marked as #pragma deprecated
     1>c:\dyablecollection\datastructure.h(478): warning C4996: 'strcpy': This function or variable may be unsafe. Consider using strcpy_s instead. To disable deprecation, use _CRT_SECURE_NO_WARNINGS. See online help for details.
                 c:\program files (x86)\microsoft visual studio 10.0\vc\include\string.h(105) : see declaration of 'strcpy'
     1>c:\dyablecollection\datastructure.h(498): warning C4995: 'strcpy': name was marked as #pragma deprecated
     1>c:\dyablecollection\datastructure.h(498): warning C4996: 'strcpy': This function or variable may be unsafe. Consider using strcpy_s instead. To disable deprecation, use _CRT_SECURE_NO_WARNINGS. See online help for details.
                 c:\program files (x86)\microsoft visual studio 10.0\vc\include\string.h(105) : see declaration of 'strcpy'
     1>c:\dyablecollection\datastructure.h(509): warning C4995: 'strcpy': name was marked as #pragma deprecated
     1>c:\dyablecollection\datastructure.h(509): warning C4996: 'strcpy': This function or variable may be unsafe. Consider using strcpy_s instead. To disable deprecation, use _CRT_SECURE_NO_WARNINGS. See online help for details.
                 c:\program files (x86)\microsoft visual studio 10.0\vc\include\string.h(105) : see declaration of 'strcpy'
     1>c:\dyablecollection\datastructure.h(520): warning C4995: 'strcpy': name was marked as #pragma deprecated
     1>c:\dyablecollection\datastructure.h(520): warning C4996: 'strcpy': This function or variable may be unsafe. Consider using strcpy_s instead. To disable deprecation, use _CRT_SECURE_NO_WARNINGS. See online help for details.
                 c:\program files (x86)\microsoft visual studio 10.0\vc\include\string.h(105) : see declaration of 'strcpy'
     1>c:\dyablecollection\datastructure.h(531): warning C4995: 'strcpy': name was marked as #pragma deprecated
     1>c:\dyablecollection\datastructure.h(531): warning C4996: 'strcpy': This function or variable may be unsafe. Consider using strcpy_s instead. To disable deprecation, use _CRT_SECURE_NO_WARNINGS. See online help for details.
                 c:\program files (x86)\microsoft visual studio 10.0\vc\include\string.h(105) : see declaration of 'strcpy'
     1>c:\dyablecollection\datastructure.h(542): warning C4995: 'strcpy': name was marked as #pragma deprecated
     1>c:\dyablecollection\datastructure.h(542): warning C4996: 'strcpy': This function or variable may be unsafe. Consider using strcpy_s instead. To disable deprecation, use _CRT_SECURE_NO_WARNINGS. See online help for details.
                 c:\program files (x86)\microsoft visual studio 10.0\vc\include\string.h(105) : see declaration of 'strcpy'
     1>c:\dyablecollection\datastructure.h(553): warning C4995: 'strcpy': name was marked as #pragma deprecated
     1>c:\dyablecollection\datastructure.h(553): warning C4996: 'strcpy': This function or variable may be unsafe. Consider using strcpy_s instead. To disable deprecation, use _CRT_SECURE_NO_WARNINGS. See online help for details.
                 c:\program files (x86)\microsoft visual studio 10.0\vc\include\string.h(105) : see declaration of 'strcpy'
     1>c:\dyablecollection\datastructure.h(564): warning C4995: 'strcpy': name was marked as #pragma deprecated
     1>c:\dyablecollection\datastructure.h(564): warning C4996: 'strcpy': This function or variable may be unsafe. Consider using strcpy_s instead. To disable deprecation, use _CRT_SECURE_NO_WARNINGS. See online help for details.
                 c:\program files (x86)\microsoft visual studio 10.0\vc\include\string.h(105) : see declaration of 'strcpy'
     1>c:\dyablecollection\datastructure.h(575): warning C4995: 'strcpy': name was marked as #pragma deprecated
     1>c:\dyablecollection\datastructure.h(575): warning C4996: 'strcpy': This function or variable may be unsafe. Consider using strcpy_s instead. To disable deprecation, use _CRT_SECURE_NO_WARNINGS. See online help for details.
                 c:\program files (x86)\microsoft visual studio 10.0\vc\include\string.h(105) : see declaration of 'strcpy'
     1>c:\dyablecollection\datastructure.h(586): warning C4995: 'strcpy': name was marked as #pragma deprecated
     1>c:\dyablecollection\datastructure.h(586): warning C4996: 'strcpy': This function or variable may be unsafe. Consider using strcpy_s instead. To disable deprecation, use _CRT_SECURE_NO_WARNINGS. See online help for details.
                 c:\program files (x86)\microsoft visual studio 10.0\vc\include\string.h(105) : see declaration of 'strcpy'
     1>c:\dyablecollection\datastructure.h(597): warning C4995: 'strcpy': name was marked as #pragma deprecated
     1>c:\dyablecollection\datastructure.h(597): warning C4996: 'strcpy': This function or variable may be unsafe. Consider using strcpy_s instead. To disable deprecation, use _CRT_SECURE_NO_WARNINGS. See online help for details.
                 c:\program files (x86)\microsoft visual studio 10.0\vc\include\string.h(105) : see declaration of 'strcpy'
     1>c:\dyablecollection\datastructure.h(608): warning C4995: 'strcpy': name was marked as #pragma deprecated
     1>c:\dyablecollection\datastructure.h(608): warning C4996: 'strcpy': This function or variable may be unsafe. Consider using strcpy_s instead. To disable deprecation, use _CRT_SECURE_NO_WARNINGS. See online help for details.
                 c:\program files (x86)\microsoft visual studio 10.0\vc\include\string.h(105) : see declaration of 'strcpy'
     1>c:\dyablecollection\datastructure.h(925): warning C4002: too many actual parameters for macro 'min'
     1>c:\dyablecollection\datastructure.h(982): warning C4995: 'strcpy': name was marked as #pragma deprecated
     1>c:\dyablecollection\datastructure.h(983): warning C4995: 'strcat': name was marked as #pragma deprecated
     1>c:\dyablecollection\datastructure.h(990): warning C4995: 'strcpy': name was marked as #pragma deprecated
     1>c:\dyablecollection\datastructure.h(991): warning C4995: 'strcat': name was marked as #pragma deprecated
     1>c:\dyablecollection\datastructure.h(998): warning C4995: 'strcpy': name was marked as #pragma deprecated
     1>c:\dyablecollection\datastructure.h(999): warning C4995: 'strcat': name was marked as #pragma deprecated
     1>c:\dyablecollection\datastructure.h(1000): warning C4995: 'strcat': name was marked as #pragma deprecated
     1>c:\dyablecollection\datastructure.h(1007): warning C4995: 'strcpy': name was marked as #pragma deprecated
     1>c:\dyablecollection\datastructure.h(1008): warning C4995: 'strcat': name was marked as #pragma deprecated
     1>c:\dyablecollection\datastructure.h(1009): warning C4995: 'strcat': name was marked as #pragma deprecated
     1>c:\dyablecollection\datastructure.h(1016): warning C4995: 'strcpy': name was marked as #pragma deprecated
     1>c:\dyablecollection\datastructure.h(1017): warning C4995: 'strcat': name was marked as #pragma deprecated
     1>c:\dyablecollection\datastructure.h(1018): warning C4995: 'strcat': name was marked as #pragma deprecated
     1>c:\dyablecollection\datastructure.h(1019): warning C4995: 'strcat': name was marked as #pragma deprecated
     1>c:\dyablecollection\datastructure.h(1027): warning C4995: 'strcpy': name was marked as #pragma deprecated
     1>c:\dyablecollection\datastructure.h(1028): warning C4995: 'strcat': name was marked as #pragma deprecated
     1>c:\dyablecollection\datastructure.h(1029): warning C4995: 'strcat': name was marked as #pragma deprecated
     1>c:\dyablecollection\datastructure.h(1030): warning C4995: 'strcat': name was marked as #pragma deprecated
     1>c:\dyablecollection\datastructure.h(1031): warning C4995: 'strcat': name was marked as #pragma deprecated
     1>c:\dyablecollection\datastructure.h(1032): warning C4995: 'strcat': name was marked as #pragma deprecated
     1>c:\dyablecollection\datastructure.h(1040): warning C4995: 'strcpy': name was marked as #pragma deprecated
     1>c:\dyablecollection\datastructure.h(1041): warning C4995: 'strcat': name was marked as #pragma deprecated
     1>c:\dyablecollection\datastructure.h(1042): warning C4995: 'strcat': name was marked as #pragma deprecated
     1>c:\dyablecollection\datastructure.h(1043): warning C4995: 'strcat': name was marked as #pragma deprecated
     1>c:\dyablecollection\datastructure.h(1044): warning C4995: 'strcat': name was marked as #pragma deprecated
     1>c:\dyablecollection\datastructure.h(1051): warning C4995: 'strcpy': name was marked as #pragma deprecated
     1>c:\dyablecollection\datastructure.h(1052): warning C4995: 'strcat': name was marked as #pragma deprecated
     1>c:\dyablecollection\datastructure.h(1053): warning C4995: 'strcat': name was marked as #pragma deprecated
     1>c:\dyablecollection\datastructure.h(1062): warning C4995: 'strcpy': name was marked as #pragma deprecated
     1>c:\dyablecollection\datastructure.h(1063): warning C4995: 'strcat': name was marked as #pragma deprecated
     1>c:\dyablecollection\datastructure.h(1064): warning C4995: 'strcat': name was marked as #pragma deprecated
     1>c:\dyablecollection\datastructure.h(1065): warning C4995: 'strcat': name was marked as #pragma deprecated
     1>c:\dyablecollection\datastructure.h(1073): warning C4995: 'strcpy': name was marked as #pragma deprecated
     1>c:\dyablecollection\datastructure.h(1074): warning C4995: 'strcat': name was marked as #pragma deprecated
     1>c:\dyablecollection\datastructure.h(1075): warning C4995: 'strcat': name was marked as #pragma deprecated
     1>c:\dyablecollection\datastructure.h(1076): warning C4995: 'strcat': name was marked as #pragma deprecated
     1>c:\dyablecollection\datastructure.h(1084): warning C4995: 'strcpy': name was marked as #pragma deprecated
     1>c:\dyablecollection\datastructure.h(1085): warning C4995: 'strcat': name was marked as #pragma deprecated
     1>c:\dyablecollection\datastructure.h(1086): warning C4995: 'strcat': name was marked as #pragma deprecated
     1>c:\dyablecollection\datastructure.h(1087): warning C4995: 'strcat': name was marked as #pragma deprecated
     1>c:\dyablecollection\datastructure.h(1088): warning C4995: 'strcat': name was marked as #pragma deprecated
     1>c:\dyablecollection\datastructure.h(1097): warning C4995: 'strcpy': name was marked as #pragma deprecated
     1>c:\dyablecollection\datastructure.h(1098): warning C4995: 'strcat': name was marked as #pragma deprecated
     1>c:\dyablecollection\datastructure.h(1099): warning C4995: 'strcat': name was marked as #pragma deprecated
     1>c:\dyablecollection\datastructure.h(1100): warning C4995: 'strcat': name was marked as #pragma deprecated
     1>c:\dyablecollection\datastructure.h(1101): warning C4995: 'strcat': name was marked as #pragma deprecated
     1>c:\dyablecollection\datastructure.h(1392): warning C4995: 'strcat': name was marked as #pragma deprecated
     1>c:\dyablecollection\datastructure.h(1412): warning C4995: 'strcat': name was marked as #pragma deprecated
     1>c:\dyablecollection\datastructure.h(982): warning C4996: 'strcpy': This function or variable may be unsafe. Consider using strcpy_s instead. To disable deprecation, use _CRT_SECURE_NO_WARNINGS. See online help for details.
                 c:\program files (x86)\microsoft visual studio 10.0\vc\include\string.h(105) : see declaration of 'strcpy'
     1>c:\dyablecollection\datastructure.h(983): warning C4996: 'strcat': This function or variable may be unsafe. Consider using strcat_s instead. To disable deprecation, use _CRT_SECURE_NO_WARNINGS. See online help for details.
                 c:\program files (x86)\microsoft visual studio 10.0\vc\include\string.h(110) : see declaration of 'strcat'
     1>c:\dyablecollection\datastructure.h(990): warning C4996: 'strcpy': This function or variable may be unsafe. Consider using strcpy_s instead. To disable deprecation, use _CRT_SECURE_NO_WARNINGS. See online help for details.
                 c:\program files (x86)\microsoft visual studio 10.0\vc\include\string.h(105) : see declaration of 'strcpy'
     1>c:\dyablecollection\datastructure.h(991): warning C4996: 'strcat': This function or variable may be unsafe. Consider using strcat_s instead. To disable deprecation, use _CRT_SECURE_NO_WARNINGS. See online help for details.
                 c:\program files (x86)\microsoft visual studio 10.0\vc\include\string.h(110) : see declaration of 'strcat'
     1>c:\dyablecollection\datastructure.h(998): warning C4996: 'strcpy': This function or variable may be unsafe. Consider using strcpy_s instead. To disable deprecation, use _CRT_SECURE_NO_WARNINGS. See online help for details.
                 c:\program files (x86)\microsoft visual studio 10.0\vc\include\string.h(105) : see declaration of 'strcpy'
     1>c:\dyablecollection\datastructure.h(999): warning C4996: 'strcat': This function or variable may be unsafe. Consider using strcat_s instead. To disable deprecation, use _CRT_SECURE_NO_WARNINGS. See online help for details.
                 c:\program files (x86)\microsoft visual studio 10.0\vc\include\string.h(110) : see declaration of 'strcat'
     1>c:\dyablecollection\datastructure.h(1000): warning C4996: 'strcat': This function or variable may be unsafe. Consider using strcat_s instead. To disable deprecation, use _CRT_SECURE_NO_WARNINGS. See online help for details.
                 c:\program files (x86)\microsoft visual studio 10.0\vc\include\string.h(110) : see declaration of 'strcat'
     1>c:\dyablecollection\datastructure.h(1007): warning C4996: 'strcpy': This function or variable may be unsafe. Consider using strcpy_s instead. To disable deprecation, use _CRT_SECURE_NO_WARNINGS. See online help for details.
                 c:\program files (x86)\microsoft visual studio 10.0\vc\include\string.h(105) : see declaration of 'strcpy'
     1>c:\dyablecollection\datastructure.h(1008): warning C4996: 'strcat': This function or variable may be unsafe. Consider using strcat_s instead. To disable deprecation, use _CRT_SECURE_NO_WARNINGS. See online help for details.
                 c:\program files (x86)\microsoft visual studio 10.0\vc\include\string.h(110) : see declaration of 'strcat'
     1>c:\dyablecollection\datastructure.h(1009): warning C4996: 'strcat': This function or variable may be unsafe. Consider using strcat_s instead. To disable deprecation, use _CRT_SECURE_NO_WARNINGS. See online help for details.
                 c:\program files (x86)\microsoft visual studio 10.0\vc\include\string.h(110) : see declaration of 'strcat'
     1>c:\dyablecollection\datastructure.h(1016): warning C4996: 'strcpy': This function or variable may be unsafe. Consider using strcpy_s instead. To disable deprecation, use _CRT_SECURE_NO_WARNINGS. See online help for details.
                 c:\program files (x86)\microsoft visual studio 10.0\vc\include\string.h(105) : see declaration of 'strcpy'
     1>c:\dyablecollection\datastructure.h(1017): warning C4996: 'strcat': This function or variable may be unsafe. Consider using strcat_s instead. To disable deprecation, use _CRT_SECURE_NO_WARNINGS. See online help for details.
                 c:\program files (x86)\microsoft visual studio 10.0\vc\include\string.h(110) : see declaration of 'strcat'
     1>c:\dyablecollection\datastructure.h(1018): warning C4996: 'strcat': This function or variable may be unsafe. Consider using strcat_s instead. To disable deprecation, use _CRT_SECURE_NO_WARNINGS. See online help for details.
                 c:\program files (x86)\microsoft visual studio 10.0\vc\include\string.h(110) : see declaration of 'strcat'
     1>c:\dyablecollection\datastructure.h(1019): warning C4996: 'strcat': This function or variable may be unsafe. Consider using strcat_s instead. To disable deprecation, use _CRT_SECURE_NO_WARNINGS. See online help for details.
                 c:\program files (x86)\microsoft visual studio 10.0\vc\include\string.h(110) : see declaration of 'strcat'
     1>c:\dyablecollection\datastructure.h(1027): warning C4996: 'strcpy': This function or variable may be unsafe. Consider using strcpy_s instead. To disable deprecation, use _CRT_SECURE_NO_WARNINGS. See online help for details.
                 c:\program files (x86)\microsoft visual studio 10.0\vc\include\string.h(105) : see declaration of 'strcpy'
     1>c:\dyablecollection\datastructure.h(1028): warning C4996: 'strcat': This function or variable may be unsafe. Consider using strcat_s instead. To disable deprecation, use _CRT_SECURE_NO_WARNINGS. See online help for details.
                 c:\program files (x86)\microsoft visual studio 10.0\vc\include\string.h(110) : see declaration of 'strcat'
     1>c:\dyablecollection\datastructure.h(1029): warning C4996: 'strcat': This function or variable may be unsafe. Consider using strcat_s instead. To disable deprecation, use _CRT_SECURE_NO_WARNINGS. See online help for details.
                 c:\program files (x86)\microsoft visual studio 10.0\vc\include\string.h(110) : see declaration of 'strcat'
     1>c:\dyablecollection\datastructure.h(1030): warning C4996: 'strcat': This function or variable may be unsafe. Consider using strcat_s instead. To disable deprecation, use _CRT_SECURE_NO_WARNINGS. See online help for details.
                 c:\program files (x86)\microsoft visual studio 10.0\vc\include\string.h(110) : see declaration of 'strcat'
     1>c:\dyablecollection\datastructure.h(1031): warning C4996: 'strcat': This function or variable may be unsafe. Consider using strcat_s instead. To disable deprecation, use _CRT_SECURE_NO_WARNINGS. See online help for details.
                 c:\program files (x86)\microsoft visual studio 10.0\vc\include\string.h(110) : see declaration of 'strcat'
     1>c:\dyablecollection\datastructure.h(1032): warning C4996: 'strcat': This function or variable may be unsafe. Consider using strcat_s instead. To disable deprecation, use _CRT_SECURE_NO_WARNINGS. See online help for details.
                 c:\program files (x86)\microsoft visual studio 10.0\vc\include\string.h(110) : see declaration of 'strcat'
     1>c:\dyablecollection\datastructure.h(1040): warning C4996: 'strcpy': This function or variable may be unsafe. Consider using strcpy_s instead. To disable deprecation, use _CRT_SECURE_NO_WARNINGS. See online help for details.
                 c:\program files (x86)\microsoft visual studio 10.0\vc\include\string.h(105) : see declaration of 'strcpy'
     1>c:\dyablecollection\datastructure.h(1041): warning C4996: 'strcat': This function or variable may be unsafe. Consider using strcat_s instead. To disable deprecation, use _CRT_SECURE_NO_WARNINGS. See online help for details.
                 c:\program files (x86)\microsoft visual studio 10.0\vc\include\string.h(110) : see declaration of 'strcat'
     1>c:\dyablecollection\datastructure.h(1042): warning C4996: 'strcat': This function or variable may be unsafe. Consider using strcat_s instead. To disable deprecation, use _CRT_SECURE_NO_WARNINGS. See online help for details.
                 c:\program files (x86)\microsoft visual studio 10.0\vc\include\string.h(110) : see declaration of 'strcat'
     1>c:\dyablecollection\datastructure.h(1043): warning C4996: 'strcat': This function or variable may be unsafe. Consider using strcat_s instead. To disable deprecation, use _CRT_SECURE_NO_WARNINGS. See online help for details.
                 c:\program files (x86)\microsoft visual studio 10.0\vc\include\string.h(110) : see declaration of 'strcat'
     1>c:\dyablecollection\datastructure.h(1044): warning C4996: 'strcat': This function or variable may be unsafe. Consider using strcat_s instead. To disable deprecation, use _CRT_SECURE_NO_WARNINGS. See online help for details.
                 c:\program files (x86)\microsoft visual studio 10.0\vc\include\string.h(110) : see declaration of 'strcat'
     1>c:\dyablecollection\datastructure.h(1051): warning C4996: 'strcpy': This function or variable may be unsafe. Consider using strcpy_s instead. To disable deprecation, use _CRT_SECURE_NO_WARNINGS. See online help for details.
                 c:\program files (x86)\microsoft visual studio 10.0\vc\include\string.h(105) : see declaration of 'strcpy'
     1>c:\dyablecollection\datastructure.h(1052): warning C4996: 'strcat': This function or variable may be unsafe. Consider using strcat_s instead. To disable deprecation, use _CRT_SECURE_NO_WARNINGS. See online help for details.
                 c:\program files (x86)\microsoft visual studio 10.0\vc\include\string.h(110) : see declaration of 'strcat'
     1>c:\dyablecollection\datastructure.h(1053): warning C4996: 'strcat': This function or variable may be unsafe. Consider using strcat_s instead. To disable deprecation, use _CRT_SECURE_NO_WARNINGS. See online help for details.
                 c:\program files (x86)\microsoft visual studio 10.0\vc\include\string.h(110) : see declaration of 'strcat'
     1>c:\dyablecollection\datastructure.h(1062): warning C4996: 'strcpy': This function or variable may be unsafe. Consider using strcpy_s instead. To disable deprecation, use _CRT_SECURE_NO_WARNINGS. See online help for details.
                 c:\program files (x86)\microsoft visual studio 10.0\vc\include\string.h(105) : see declaration of 'strcpy'
     1>c:\dyablecollection\datastructure.h(1063): warning C4996: 'strcat': This function or variable may be unsafe. Consider using strcat_s instead. To disable deprecation, use _CRT_SECURE_NO_WARNINGS. See online help for details.
                 c:\program files (x86)\microsoft visual studio 10.0\vc\include\string.h(110) : see declaration of 'strcat'
     1>c:\dyablecollection\datastructure.h(1064): warning C4996: 'strcat': This function or variable may be unsafe. Consider using strcat_s instead. To disable deprecation, use _CRT_SECURE_NO_WARNINGS. See online help for details.
                 c:\program files (x86)\microsoft visual studio 10.0\vc\include\string.h(110) : see declaration of 'strcat'
     1>c:\dyablecollection\datastructure.h(1065): warning C4996: 'strcat': This function or variable may be unsafe. Consider using strcat_s instead. To disable deprecation, use _CRT_SECURE_NO_WARNINGS. See online help for details.
                 c:\program files (x86)\microsoft visual studio 10.0\vc\include\string.h(110) : see declaration of 'strcat'
     1>c:\dyablecollection\datastructure.h(1073): warning C4996: 'strcpy': This function or variable may be unsafe. Consider using strcpy_s instead. To disable deprecation, use _CRT_SECURE_NO_WARNINGS. See online help for details.
                 c:\program files (x86)\microsoft visual studio 10.0\vc\include\string.h(105) : see declaration of 'strcpy'
     1>c:\dyablecollection\datastructure.h(1074): warning C4996: 'strcat': This function or variable may be unsafe. Consider using strcat_s instead. To disable deprecation, use _CRT_SECURE_NO_WARNINGS. See online help for details.
                 c:\program files (x86)\microsoft visual studio 10.0\vc\include\string.h(110) : see declaration of 'strcat'
     1>c:\dyablecollection\datastructure.h(1075): warning C4996: 'strcat': This function or variable may be unsafe. Consider using strcat_s instead. To disable deprecation, use _CRT_SECURE_NO_WARNINGS. See online help for details.
                 c:\program files (x86)\microsoft visual studio 10.0\vc\include\string.h(110) : see declaration of 'strcat'
     1>c:\dyablecollection\datastructure.h(1076): warning C4996: 'strcat': This function or variable may be unsafe. Consider using strcat_s instead. To disable deprecation, use _CRT_SECURE_NO_WARNINGS. See online help for details.
                 c:\program files (x86)\microsoft visual studio 10.0\vc\include\string.h(110) : see declaration of 'strcat'
     1>c:\dyablecollection\datastructure.h(1084): warning C4996: 'strcpy': This function or variable may be unsafe. Consider using strcpy_s instead. To disable deprecation, use _CRT_SECURE_NO_WARNINGS. See online help for details.
                 c:\program files (x86)\microsoft visual studio 10.0\vc\include\string.h(105) : see declaration of 'strcpy'
     1>c:\dyablecollection\datastructure.h(1085): warning C4996: 'strcat': This function or variable may be unsafe. Consider using strcat_s instead. To disable deprecation, use _CRT_SECURE_NO_WARNINGS. See online help for details.
                 c:\program files (x86)\microsoft visual studio 10.0\vc\include\string.h(110) : see declaration of 'strcat'
     1>c:\dyablecollection\datastructure.h(1086): warning C4996: 'strcat': This function or variable may be unsafe. Consider using strcat_s instead. To disable deprecation, use _CRT_SECURE_NO_WARNINGS. See online help for details.
                 c:\program files (x86)\microsoft visual studio 10.0\vc\include\string.h(110) : see declaration of 'strcat'
     1>c:\dyablecollection\datastructure.h(1087): warning C4996: 'strcat': This function or variable may be unsafe. Consider using strcat_s instead. To disable deprecation, use _CRT_SECURE_NO_WARNINGS. See online help for details.
                 c:\program files (x86)\microsoft visual studio 10.0\vc\include\string.h(110) : see declaration of 'strcat'
     1>c:\dyablecollection\datastructure.h(1088): warning C4996: 'strcat': This function or variable may be unsafe. Consider using strcat_s instead. To disable deprecation, use _CRT_SECURE_NO_WARNINGS. See online help for details.
                 c:\program files (x86)\microsoft visual studio 10.0\vc\include\string.h(110) : see declaration of 'strcat'
     1>c:\dyablecollection\datastructure.h(1097): warning C4996: 'strcpy': This function or variable may be unsafe. Consider using strcpy_s instead. To disable deprecation, use _CRT_SECURE_NO_WARNINGS. See online help for details.
                 c:\program files (x86)\microsoft visual studio 10.0\vc\include\string.h(105) : see declaration of 'strcpy'
     1>c:\dyablecollection\datastructure.h(1098): warning C4996: 'strcat': This function or variable may be unsafe. Consider using strcat_s instead. To disable deprecation, use _CRT_SECURE_NO_WARNINGS. See online help for details.
                 c:\program files (x86)\microsoft visual studio 10.0\vc\include\string.h(110) : see declaration of 'strcat'
     1>c:\dyablecollection\datastructure.h(1099): warning C4996: 'strcat': This function or variable may be unsafe. Consider using strcat_s instead. To disable deprecation, use _CRT_SECURE_NO_WARNINGS. See online help for details.
                 c:\program files (x86)\microsoft visual studio 10.0\vc\include\string.h(110) : see declaration of 'strcat'
     1>c:\dyablecollection\datastructure.h(1100): warning C4996: 'strcat': This function or variable may be unsafe. Consider using strcat_s instead. To disable deprecation, use _CRT_SECURE_NO_WARNINGS. See online help for details.
                 c:\program files (x86)\microsoft visual studio 10.0\vc\include\string.h(110) : see declaration of 'strcat'
     1>c:\dyablecollection\datastructure.h(1101): warning C4996: 'strcat': This function or variable may be unsafe. Consider using strcat_s instead. To disable deprecation, use _CRT_SECURE_NO_WARNINGS. See online help for details.
                 c:\program files (x86)\microsoft visual studio 10.0\vc\include\string.h(110) : see declaration of 'strcat'
     1>c:\dyablecollection\datastructure.h(1169): warning C4996: 'gmtime': This function or variable may be unsafe. Consider using gmtime_s instead. To disable deprecation, use _CRT_SECURE_NO_WARNINGS. See online help for details.
                 c:\program files (x86)\microsoft visual studio 10.0\vc\include\time.inl(99) : see declaration of 'gmtime'
     1>c:\dyablecollection\datastructure.h(1392): warning C4996: 'strcat': This function or variable may be unsafe. Consider using strcat_s instead. To disable deprecation, use _CRT_SECURE_NO_WARNINGS. See online help for details.
                 c:\program files (x86)\microsoft visual studio 10.0\vc\include\string.h(110) : see declaration of 'strcat'
     1>c:\dyablecollection\datastructure.h(1412): warning C4996: 'strcat': This function or variable may be unsafe. Consider using strcat_s instead. To disable deprecation, use _CRT_SECURE_NO_WARNINGS. See online help for details.
                 c:\program files (x86)\microsoft visual studio 10.0\vc\include\string.h(110) : see declaration of 'strcat'
     1>c:\dyablecollection\datastructure.h(2171): warning C4995: 'strcpy': name was marked as #pragma deprecated
     1>c:\dyablecollection\datastructure.h(2172): warning C4995: 'strcat': name was marked as #pragma deprecated
     1>c:\dyablecollection\datastructure.h(2176): warning C4995: 'strcat': name was marked as #pragma deprecated
     1>c:\dyablecollection\datastructure.h(2181): warning C4995: 'strcat': name was marked as #pragma deprecated
     1>c:\dyablecollection\datastructure.h(2182): warning C4995: 'strcat': name was marked as #pragma deprecated
     1>c:\dyablecollection\datastructure.h(2183): warning C4995: 'strcat': name was marked as #pragma deprecated
     1>c:\dyablecollection\datastructure.h(2184): warning C4995: 'strcat': name was marked as #pragma deprecated
     1>c:\dyablecollection\datastructure.h(2383): warning C4995: 'strcpy': name was marked as #pragma deprecated
     1>c:\dyablecollection\datastructure.h(2384): warning C4995: 'strcat': name was marked as #pragma deprecated
     1>c:\dyablecollection\datastructure.h(2386): warning C4995: 'strcpy': name was marked as #pragma deprecated
     1>c:\dyablecollection\datastructure.h(2387): warning C4995: 'strcat': name was marked as #pragma deprecated
     1>c:\dyablecollection\datastructure.h(2395): warning C4995: 'strcpy': name was marked as #pragma deprecated
     1>c:\dyablecollection\datastructure.h(2396): warning C4995: 'strcat': name was marked as #pragma deprecated
     1>c:\dyablecollection\datastructure.h(2454): warning C4995: 'strcpy': name was marked as #pragma deprecated
     1>c:\dyablecollection\datastructure.h(2171): warning C4996: 'strcpy': This function or variable may be unsafe. Consider using strcpy_s instead. To disable deprecation, use _CRT_SECURE_NO_WARNINGS. See online help for details.
                 c:\program files (x86)\microsoft visual studio 10.0\vc\include\string.h(105) : see declaration of 'strcpy'
     1>c:\dyablecollection\datastructure.h(2172): warning C4996: 'strcat': This function or variable may be unsafe. Consider using strcat_s instead. To disable deprecation, use _CRT_SECURE_NO_WARNINGS. See online help for details.
                 c:\program files (x86)\microsoft visual studio 10.0\vc\include\string.h(110) : see declaration of 'strcat'
     1>c:\dyablecollection\datastructure.h(2176): warning C4996: 'strcat': This function or variable may be unsafe. Consider using strcat_s instead. To disable deprecation, use _CRT_SECURE_NO_WARNINGS. See online help for details.
                 c:\program files (x86)\microsoft visual studio 10.0\vc\include\string.h(110) : see declaration of 'strcat'
     1>c:\dyablecollection\datastructure.h(2181): warning C4996: 'strcat': This function or variable may be unsafe. Consider using strcat_s instead. To disable deprecation, use _CRT_SECURE_NO_WARNINGS. See online help for details.
                 c:\program files (x86)\microsoft visual studio 10.0\vc\include\string.h(110) : see declaration of 'strcat'
     1>c:\dyablecollection\datastructure.h(2182): warning C4996: 'strcat': This function or variable may be unsafe. Consider using strcat_s instead. To disable deprecation, use _CRT_SECURE_NO_WARNINGS. See online help for details.
                 c:\program files (x86)\microsoft visual studio 10.0\vc\include\string.h(110) : see declaration of 'strcat'
     1>c:\dyablecollection\datastructure.h(2183): warning C4996: 'strcat': This function or variable may be unsafe. Consider using strcat_s instead. To disable deprecation, use _CRT_SECURE_NO_WARNINGS. See online help for details.
                 c:\program files (x86)\microsoft visual studio 10.0\vc\include\string.h(110) : see declaration of 'strcat'
     1>c:\dyablecollection\datastructure.h(2184): warning C4996: 'strcat': This function or variable may be unsafe. Consider using strcat_s instead. To disable deprecation, use _CRT_SECURE_NO_WARNINGS. See online help for details.
                 c:\program files (x86)\microsoft visual studio 10.0\vc\include\string.h(110) : see declaration of 'strcat'
     1>c:\dyablecollection\datastructure.h(2383): warning C4996: 'strcpy': This function or variable may be unsafe. Consider using strcpy_s instead. To disable deprecation, use _CRT_SECURE_NO_WARNINGS. See online help for details.
                 c:\program files (x86)\microsoft visual studio 10.0\vc\include\string.h(105) : see declaration of 'strcpy'
     1>c:\dyablecollection\datastructure.h(2384): warning C4996: 'strcat': This function or variable may be unsafe. Consider using strcat_s instead. To disable deprecation, use _CRT_SECURE_NO_WARNINGS. See online help for details.
                 c:\program files (x86)\microsoft visual studio 10.0\vc\include\string.h(110) : see declaration of 'strcat'
     1>c:\dyablecollection\datastructure.h(2386): warning C4996: 'strcpy': This function or variable may be unsafe. Consider using strcpy_s instead. To disable deprecation, use _CRT_SECURE_NO_WARNINGS. See online help for details.
                 c:\program files (x86)\microsoft visual studio 10.0\vc\include\string.h(105) : see declaration of 'strcpy'
     1>c:\dyablecollection\datastructure.h(2387): warning C4996: 'strcat': This function or variable may be unsafe. Consider using strcat_s instead. To disable deprecation, use _CRT_SECURE_NO_WARNINGS. See online help for details.
                 c:\program files (x86)\microsoft visual studio 10.0\vc\include\string.h(110) : see declaration of 'strcat'
     1>c:\dyablecollection\datastructure.h(2395): warning C4996: 'strcpy': This function or variable may be unsafe. Consider using strcpy_s instead. To disable deprecation, use _CRT_SECURE_NO_WARNINGS. See online help for details.
                 c:\program files (x86)\microsoft visual studio 10.0\vc\include\string.h(105) : see declaration of 'strcpy'
     1>c:\dyablecollection\datastructure.h(2396): warning C4996: 'strcat': This function or variable may be unsafe. Consider using strcat_s instead. To disable deprecation, use _CRT_SECURE_NO_WARNINGS. See online help for details.
                 c:\program files (x86)\microsoft visual studio 10.0\vc\include\string.h(110) : see declaration of 'strcat'
     1>c:\dyablecollection\datastructure.h(2454): warning C4996: 'strcpy': This function or variable may be unsafe. Consider using strcpy_s instead. To disable deprecation, use _CRT_SECURE_NO_WARNINGS. See online help for details.
                 c:\program files (x86)\microsoft visual studio 10.0\vc\include\string.h(105) : see declaration of 'strcpy'
     1>c:\dyablecollection\datastructure.h(3690): warning C4805: '!=' : unsafe mix of type 'uChar' and type 'bool' in operation
     1>c:\dyablecollection\mystuff.h(69): warning C4995: 'strcpy': name was marked as #pragma deprecated
     1>c:\dyablecollection\mystuff.h(100): warning C4995: 'strcpy': name was marked as #pragma deprecated
     1>c:\dyablecollection\mystuff.h(122): warning C4995: 'strcpy': name was marked as #pragma deprecated
     1>c:\dyablecollection\mystuff.h(211): warning C4995: 'strcpy': name was marked as #pragma deprecated
     1>c:\dyablecollection\mystuff.h(221): warning C4995: 'strcpy': name was marked as #pragma deprecated
     1>c:\dyablecollection\filestorage.h(1460): warning C4995: 'strcpy': name was marked as #pragma deprecated
     1>c:\dyablecollection\filestorage.h(1491): warning C4995: 'strcpy': name was marked as #pragma deprecated
     1>c:\dyablecollection\filestorage.h(1505): warning C4995: 'strcpy': name was marked as #pragma deprecated
     1>c:\dyablecollection\filestorage.h(1581): warning C4995: 'strcpy': name was marked as #pragma deprecated
     1>c:\dyablecollection\filestorage.h(1589): warning C4995: 'strcpy': name was marked as #pragma deprecated
     1>c:\dyablecollection\filestorage.h(1592): warning C4995: 'strcpy': name was marked as #pragma deprecated
     1>c:\dyablecollection\filestorage.h(1596): warning C4995: 'strcpy': name was marked as #pragma deprecated
     1>c:\dyablecollection\filestorage.h(1599): warning C4995: 'strcpy': name was marked as #pragma deprecated
     1>c:\dyablecollection\filestorage.h(1603): warning C4995: 'strcpy': name was marked as #pragma deprecated
     1>c:\dyablecollection\filestorage.h(1606): warning C4995: 'strcpy': name was marked as #pragma deprecated
     1>c:\dyablecollection\filestorage.h(1995): warning C4995: 'strcpy': name was marked as #pragma deprecated
     1>c:\dyablecollection\filestorage.h(2077): warning C4995: 'strcpy': name was marked as #pragma deprecated
     1>c:\dyablecollection\filestorage.h(2081): warning C4995: 'strcpy': name was marked as #pragma deprecated
     1>c:\dyablecollection\filestorage.h(2082): warning C4995: 'strcat': name was marked as #pragma deprecated
     1>c:\dyablecollection\filestorage.h(1403): warning C4244: 'argument' : conversion from '__int64' to 'int', possible loss of data
     1>c:\dyablecollection\filestorage.h(1460): warning C4996: 'strcpy': This function or variable may be unsafe. Consider using strcpy_s instead. To disable deprecation, use _CRT_SECURE_NO_WARNINGS. See online help for details.
                 c:\program files (x86)\microsoft visual studio 10.0\vc\include\string.h(105) : see declaration of 'strcpy'
     1>c:\dyablecollection\filestorage.h(1491): warning C4996: 'strcpy': This function or variable may be unsafe. Consider using strcpy_s instead. To disable deprecation, use _CRT_SECURE_NO_WARNINGS. See online help for details.
                 c:\program files (x86)\microsoft visual studio 10.0\vc\include\string.h(105) : see declaration of 'strcpy'
     1>c:\dyablecollection\filestorage.h(1505): warning C4996: 'strcpy': This function or variable may be unsafe. Consider using strcpy_s instead. To disable deprecation, use _CRT_SECURE_NO_WARNINGS. See online help for details.
                 c:\program files (x86)\microsoft visual studio 10.0\vc\include\string.h(105) : see declaration of 'strcpy'
     1>c:\dyablecollection\filestorage.h(1581): warning C4996: 'strcpy': This function or variable may be unsafe. Consider using strcpy_s instead. To disable deprecation, use _CRT_SECURE_NO_WARNINGS. See online help for details.
                 c:\program files (x86)\microsoft visual studio 10.0\vc\include\string.h(105) : see declaration of 'strcpy'
     1>c:\dyablecollection\filestorage.h(1589): warning C4996: 'strcpy': This function or variable may be unsafe. Consider using strcpy_s instead. To disable deprecation, use _CRT_SECURE_NO_WARNINGS. See online help for details.
                 c:\program files (x86)\microsoft visual studio 10.0\vc\include\string.h(105) : see declaration of 'strcpy'
     1>c:\dyablecollection\filestorage.h(1592): warning C4996: 'strcpy': This function or variable may be unsafe. Consider using strcpy_s instead. To disable deprecation, use _CRT_SECURE_NO_WARNINGS. See online help for details.
                 c:\program files (x86)\microsoft visual studio 10.0\vc\include\string.h(105) : see declaration of 'strcpy'
     1>c:\dyablecollection\filestorage.h(1596): warning C4996: 'strcpy': This function or variable may be unsafe. Consider using strcpy_s instead. To disable deprecation, use _CRT_SECURE_NO_WARNINGS. See online help for details.
                 c:\program files (x86)\microsoft visual studio 10.0\vc\include\string.h(105) : see declaration of 'strcpy'
     1>c:\dyablecollection\filestorage.h(1599): warning C4996: 'strcpy': This function or variable may be unsafe. Consider using strcpy_s instead. To disable deprecation, use _CRT_SECURE_NO_WARNINGS. See online help for details.
                 c:\program files (x86)\microsoft visual studio 10.0\vc\include\string.h(105) : see declaration of 'strcpy'
     1>c:\dyablecollection\filestorage.h(1603): warning C4996: 'strcpy': This function or variable may be unsafe. Consider using strcpy_s instead. To disable deprecation, use _CRT_SECURE_NO_WARNINGS. See online help for details.
                 c:\program files (x86)\microsoft visual studio 10.0\vc\include\string.h(105) : see declaration of 'strcpy'
     1>c:\dyablecollection\filestorage.h(1606): warning C4996: 'strcpy': This function or variable may be unsafe. Consider using strcpy_s instead. To disable deprecation, use _CRT_SECURE_NO_WARNINGS. See online help for details.
                 c:\program files (x86)\microsoft visual studio 10.0\vc\include\string.h(105) : see declaration of 'strcpy'
     1>c:\dyablecollection\filestorage.h(1678): warning C4244: '=' : conversion from '__int64' to 'int', possible loss of data
     1>c:\dyablecollection\filestorage.h(1995): warning C4996: 'strcpy': This function or variable may be unsafe. Consider using strcpy_s instead. To disable deprecation, use _CRT_SECURE_NO_WARNINGS. See online help for details.
                 c:\program files (x86)\microsoft visual studio 10.0\vc\include\string.h(105) : see declaration of 'strcpy'
     1>c:\dyablecollection\filestorage.h(2077): warning C4996: 'strcpy': This function or variable may be unsafe. Consider using strcpy_s instead. To disable deprecation, use _CRT_SECURE_NO_WARNINGS. See online help for details.
                 c:\program files (x86)\microsoft visual studio 10.0\vc\include\string.h(105) : see declaration of 'strcpy'
     1>c:\dyablecollection\filestorage.h(2081): warning C4996: 'strcpy': This function or variable may be unsafe. Consider using strcpy_s instead. To disable deprecation, use _CRT_SECURE_NO_WARNINGS. See online help for details.
                 c:\program files (x86)\microsoft visual studio 10.0\vc\include\string.h(105) : see declaration of 'strcpy'
     1>c:\dyablecollection\filestorage.h(2082): warning C4996: 'strcat': This function or variable may be unsafe. Consider using strcat_s instead. To disable deprecation, use _CRT_SECURE_NO_WARNINGS. See online help for details.
                 c:\program files (x86)\microsoft visual studio 10.0\vc\include\string.h(110) : see declaration of 'strcat'
     1>c:\dyablecollection\filestorage.h(2452): warning C4244: '=' : conversion from '__int64' to 'int', possible loss of data
     1>c:\dyablecollection\filestorage.h(3231): warning C4995: 'strcpy': name was marked as #pragma deprecated
     1>c:\dyablecollection\filestorage.h(3245): warning C4995: 'strcpy': name was marked as #pragma deprecated
     1>c:\dyablecollection\filestorage.h(3378): warning C4995: 'strcpy': name was marked as #pragma deprecated
     1>c:\dyablecollection\filestorage.h(3231): warning C4996: 'strcpy': This function or variable may be unsafe. Consider using strcpy_s instead. To disable deprecation, use _CRT_SECURE_NO_WARNINGS. See online help for details.
                 c:\program files (x86)\microsoft visual studio 10.0\vc\include\string.h(105) : see declaration of 'strcpy'
     1>c:\dyablecollection\filestorage.h(3245): warning C4996: 'strcpy': This function or variable may be unsafe. Consider using strcpy_s instead. To disable deprecation, use _CRT_SECURE_NO_WARNINGS. See online help for details.
                 c:\program files (x86)\microsoft visual studio 10.0\vc\include\string.h(105) : see declaration of 'strcpy'
     1>c:\dyablecollection\filestorage.h(3378): warning C4996: 'strcpy': This function or variable may be unsafe. Consider using strcpy_s instead. To disable deprecation, use _CRT_SECURE_NO_WARNINGS. See online help for details.
                 c:\program files (x86)\microsoft visual studio 10.0\vc\include\string.h(105) : see declaration of 'strcpy'
     1>c:\dyablecollection\filestorage.h(3467): warning C4995: 'strcpy': name was marked as #pragma deprecated
     1>c:\dyablecollection\filestorage.h(3468): warning C4995: 'strcat': name was marked as #pragma deprecated
     1>c:\dyablecollection\filestorage.h(3497): warning C4995: 'strcpy': name was marked as #pragma deprecated
     1>c:\dyablecollection\filestorage.h(3498): warning C4995: 'strcat': name was marked as #pragma deprecated
     1>c:\dyablecollection\filestorage.h(3570): warning C4995: 'strcpy': name was marked as #pragma deprecated
     1>c:\dyablecollection\filestorage.h(3571): warning C4995: 'strcat': name was marked as #pragma deprecated
     1>c:\dyablecollection\filestorage.h(3428): warning C4996: 'gmtime': This function or variable may be unsafe. Consider using gmtime_s instead. To disable deprecation, use _CRT_SECURE_NO_WARNINGS. See online help for details.
                 c:\program files (x86)\microsoft visual studio 10.0\vc\include\time.inl(99) : see declaration of 'gmtime'
     1>c:\dyablecollection\filestorage.h(3467): warning C4996: 'strcpy': This function or variable may be unsafe. Consider using strcpy_s instead. To disable deprecation, use _CRT_SECURE_NO_WARNINGS. See online help for details.
                 c:\program files (x86)\microsoft visual studio 10.0\vc\include\string.h(105) : see declaration of 'strcpy'
     1>c:\dyablecollection\filestorage.h(3468): warning C4996: 'strcat': This function or variable may be unsafe. Consider using strcat_s instead. To disable deprecation, use _CRT_SECURE_NO_WARNINGS. See online help for details.
                 c:\program files (x86)\microsoft visual studio 10.0\vc\include\string.h(110) : see declaration of 'strcat'
     1>c:\dyablecollection\filestorage.h(3497): warning C4996: 'strcpy': This function or variable may be unsafe. Consider using strcpy_s instead. To disable deprecation, use _CRT_SECURE_NO_WARNINGS. See online help for details.
                 c:\program files (x86)\microsoft visual studio 10.0\vc\include\string.h(105) : see declaration of 'strcpy'
     1>c:\dyablecollection\filestorage.h(3498): warning C4996: 'strcat': This function or variable may be unsafe. Consider using strcat_s instead. To disable deprecation, use _CRT_SECURE_NO_WARNINGS. See online help for details.
                 c:\program files (x86)\microsoft visual studio 10.0\vc\include\string.h(110) : see declaration of 'strcat'
     1>c:\dyablecollection\filestorage.h(3570): warning C4996: 'strcpy': This function or variable may be unsafe. Consider using strcpy_s instead. To disable deprecation, use _CRT_SECURE_NO_WARNINGS. See online help for details.
                 c:\program files (x86)\microsoft visual studio 10.0\vc\include\string.h(105) : see declaration of 'strcpy'
     1>c:\dyablecollection\filestorage.h(3571): warning C4996: 'strcat': This function or variable may be unsafe. Consider using strcat_s instead. To disable deprecation, use _CRT_SECURE_NO_WARNINGS. See online help for details.
                 c:\program files (x86)\microsoft visual studio 10.0\vc\include\string.h(110) : see declaration of 'strcat'
     1>c:\dyablecollection\mapreduce.h(402): warning C4995: 'strcpy': name was marked as #pragma deprecated
     1>c:\dyablecollection\mapreduce.h(528): warning C4995: 'sprintf': name was marked as #pragma deprecated
     1>c:\dyablecollection\mapreduce.h(560): warning C4995: 'sprintf': name was marked as #pragma deprecated
     1>c:\dyablecollection\mapreduce.h(528): warning C4996: 'sprintf': This function or variable may be unsafe. Consider using sprintf_s instead. To disable deprecation, use _CRT_SECURE_NO_WARNINGS. See online help for details.
                 c:\program files (x86)\microsoft visual studio 10.0\vc\include\stdio.h(371) : see declaration of 'sprintf'
     1>c:\dyablecollection\mapreduce.h(560): warning C4996: 'sprintf': This function or variable may be unsafe. Consider using sprintf_s instead. To disable deprecation, use _CRT_SECURE_NO_WARNINGS. See online help for details.
                 c:\program files (x86)\microsoft visual studio 10.0\vc\include\stdio.h(371) : see declaration of 'sprintf'
     1>c:\dyablecollection\mapreduce.h(610): warning C4995: 'sprintf': name was marked as #pragma deprecated
     1>c:\dyablecollection\mapreduce.h(705): warning C4995: 'sprintf': name was marked as #pragma deprecated
     1>c:\dyablecollection\mapreduce.h(610): warning C4996: 'sprintf': This function or variable may be unsafe. Consider using sprintf_s instead. To disable deprecation, use _CRT_SECURE_NO_WARNINGS. See online help for details.
                 c:\program files (x86)\microsoft visual studio 10.0\vc\include\stdio.h(371) : see declaration of 'sprintf'
     1>c:\dyablecollection\mapreduce.h(705): warning C4996: 'sprintf': This function or variable may be unsafe. Consider using sprintf_s instead. To disable deprecation, use _CRT_SECURE_NO_WARNINGS. See online help for details.
                 c:\program files (x86)\microsoft visual studio 10.0\vc\include\stdio.h(371) : see declaration of 'sprintf'
     1>c:\dyablecollection\documentdatabase.h(275): warning C4995: 'strcpy': name was marked as #pragma deprecated
     1>c:\dyablecollection\documentdatabase.h(276): warning C4995: 'strcpy': name was marked as #pragma deprecated
     1>c:\dyablecollection\documentdatabase.h(292): warning C4995: 'strcpy': name was marked as #pragma deprecated
     1>c:\dyablecollection\documentdatabase.h(275): warning C4996: 'strcpy': This function or variable may be unsafe. Consider using strcpy_s instead. To disable deprecation, use _CRT_SECURE_NO_WARNINGS. See online help for details.
                 c:\program files (x86)\microsoft visual studio 10.0\vc\include\string.h(105) : see declaration of 'strcpy'
     1>c:\dyablecollection\documentdatabase.h(276): warning C4996: 'strcpy': This function or variable may be unsafe. Consider using strcpy_s instead. To disable deprecation, use _CRT_SECURE_NO_WARNINGS. See online help for details.
                 c:\program files (x86)\microsoft visual studio 10.0\vc\include\string.h(105) : see declaration of 'strcpy'
     1>c:\dyablecollection\documentdatabase.h(292): warning C4996: 'strcpy': This function or variable may be unsafe. Consider using strcpy_s instead. To disable deprecation, use _CRT_SECURE_NO_WARNINGS. See online help for details.
                 c:\program files (x86)\microsoft visual studio 10.0\vc\include\string.h(105) : see declaration of 'strcpy'
     1>c:\dyablecollection\documentdatabase.h(521): warning C4995: 'strcpy': name was marked as #pragma deprecated
     1>c:\dyablecollection\documentdatabase.h(522): warning C4996: 'strcpy': This function or variable may be unsafe. Consider using strcpy_s instead. To disable deprecation, use _CRT_SECURE_NO_WARNINGS. See online help for details.
                 c:\program files (x86)\microsoft visual studio 10.0\vc\include\string.h(105) : see declaration of 'strcpy'
     1>c:\dyablecollection\dyablerequest\nameserver.h(48): warning C4995: 'strcpy': name was marked as #pragma deprecated
     1>c:\dyablecollection\dyablerequest\nameserver.h(120): warning C4995: 'strcpy': name was marked as #pragma deprecated
     1>c:\dyablecollection\dyablerequest\nameserver.h(48): warning C4996: 'strcpy': This function or variable may be unsafe. Consider using strcpy_s instead. To disable deprecation, use _CRT_SECURE_NO_WARNINGS. See online help for details.
                 c:\program files (x86)\microsoft visual studio 10.0\vc\include\string.h(105) : see declaration of 'strcpy'
     1>c:\dyablecollection\dyablerequest\nameserver.h(120): warning C4996: 'strcpy': This function or variable may be unsafe. Consider using strcpy_s instead. To disable deprecation, use _CRT_SECURE_NO_WARNINGS. See online help for details.
                 c:\program files (x86)\microsoft visual studio 10.0\vc\include\string.h(105) : see declaration of 'strcpy'
     1>c:\dyablecollection\dyablerequest\findsimilarquery\retrieveserver.h(44): error C2664: 'CNameServer::RetrieveServerInst' : cannot convert parameter 1 from 'COpenConnection' to 'SOCKET &'
     1>c:\dyablecollection\dyablerequest\findsimilarquery\findsimilarquery.cpp(124): error C2039: 'Initialize' : is not a member of 'CNameServer'
                 c:\dyablecollection\dyablerequest\nameserver.h(9) : see declaration of 'CNameServer'
     1>c:\dyablecollection\dyablerequest\findsimilarquery\findsimilarquery.cpp(124): error C3861: 'Initialize': identifier not found
     1>Done Building Project "C:\DyableCollection\DyableRequest\FindSimilarQuery\FindSimilarQuery.vcxproj" (build target(s)) -- FAILED.

Build FAILED.

Time Elapsed 00:00:01.57
